TN:
SF:src\config\email.js
FN:9,(anonymous_0)
FN:37,(anonymous_1)
FNF:2
FNH:1
FNDA:1,(anonymous_0)
FNDA:0,(anonymous_1)
DA:3,1
DA:9,1
DA:11,1
DA:12,0
DA:20,1
DA:31,1
DA:37,1
DA:38,0
DA:39,0
DA:40,0
DA:41,0
DA:43,0
DA:44,0
DA:48,1
LF:14
LH:7
BRDA:11,0,0,0
BRDA:11,0,1,1
BRDA:11,1,0,1
BRDA:11,1,1,0
BRDA:22,2,0,1
BRDA:22,2,1,0
BRDA:51,3,0,1
BRDA:51,3,1,0
BRF:8
BRH:4
end_of_record
TN:
SF:src\config\jwt.js
FN:19,(anonymous_0)
FN:30,(anonymous_1)
FN:42,(anonymous_2)
FN:51,(anonymous_3)
FNF:4
FNH:3
FNDA:2,(anonymous_0)
FNDA:2,(anonymous_1)
FNDA:28,(anonymous_2)
FNDA:0,(anonymous_3)
DA:3,1
DA:8,1
DA:19,1
DA:20,2
DA:30,1
DA:31,2
DA:42,1
DA:43,28
DA:51,1
DA:52,0
DA:55,1
LF:11
LH:10
BRDA:9,0,0,1
BRDA:9,0,1,0
BRDA:10,1,0,1
BRDA:10,1,1,0
BRDA:11,2,0,1
BRDA:11,2,1,0
BRF:6
BRH:3
end_of_record
TN:
SF:src\controllers\authController.js
FN:13,(anonymous_0)
FN:31,(anonymous_1)
FN:52,(anonymous_2)
FN:70,(anonymous_3)
FN:88,(anonymous_4)
FN:106,(anonymous_5)
FN:125,(anonymous_6)
FN:142,(anonymous_7)
FN:164,(anonymous_8)
FNF:9
FNH:1
FNDA:0,(anonymous_0)
FNDA:2,(anonymous_1)
FNDA:0,(anonymous_2)
FNDA:0,(anonymous_3)
FNDA:0,(anonymous_4)
FNDA:0,(anonymous_5)
FNDA:0,(anonymous_6)
FNDA:0,(anonymous_7)
FNDA:0,(anonymous_8)
DA:3,1
DA:14,0
DA:15,0
DA:17,0
DA:23,0
DA:32,2
DA:33,2
DA:34,2
DA:36,2
DA:44,0
DA:53,0
DA:57,0
DA:62,0
DA:71,0
DA:72,0
DA:73,0
DA:75,0
DA:80,0
DA:89,0
DA:90,0
DA:91,0
DA:93,0
DA:98,0
DA:107,0
DA:108,0
DA:109,0
DA:111,0
DA:117,0
DA:126,0
DA:127,0
DA:129,0
DA:134,0
DA:143,0
DA:144,0
DA:145,0
DA:151,0
DA:156,0
DA:165,0
DA:166,0
DA:174,0
DA:179,1
LF:41
LH:6
BRF:0
BRH:0
end_of_record
TN:
SF:src\controllers\cotisationController.js
FN:12,(anonymous_0)
FN:37,(anonymous_1)
FN:71,(anonymous_2)
FN:110,(anonymous_3)
FN:140,(anonymous_4)
FN:174,(anonymous_5)
FN:205,(anonymous_6)
FN:250,(anonymous_7)
FN:286,(anonymous_8)
FN:326,(anonymous_9)
FN:371,(anonymous_10)
FN:404,(anonymous_11)
FN:451,(anonymous_12)
FN:500,(anonymous_13)
FNF:14
FNH:12
FNDA:1,(anonymous_0)
FNDA:1,(anonymous_1)
FNDA:1,(anonymous_2)
FNDA:0,(anonymous_3)
FNDA:1,(anonymous_4)
FNDA:1,(anonymous_5)
FNDA:3,(anonymous_6)
FNDA:0,(anonymous_7)
FNDA:2,(anonymous_8)
FNDA:4,(anonymous_9)
FNDA:3,(anonymous_10)
FNDA:2,(anonymous_11)
FNDA:1,(anonymous_12)
FNDA:1,(anonymous_13)
DA:1,1
DA:2,1
DA:3,1
DA:5,1
DA:12,1
DA:13,1
DA:14,1
DA:16,1
DA:22,1
DA:28,0
DA:37,1
DA:38,1
DA:39,1
DA:41,1
DA:47,1
DA:48,0
DA:51,1
DA:62,0
DA:71,1
DA:72,1
DA:73,1
DA:74,1
DA:77,1
DA:81,1
DA:86,1
DA:101,0
DA:110,1
DA:111,0
DA:112,0
DA:114,0
DA:125,0
DA:131,0
DA:140,1
DA:141,1
DA:142,1
DA:143,1
DA:144,1
DA:146,1
DA:158,1
DA:165,0
DA:174,1
DA:175,1
DA:176,1
DA:178,1
DA:190,1
DA:196,0
DA:205,1
DA:206,3
DA:207,3
DA:208,3
DA:209,3
DA:210,3
DA:213,3
DA:214,1
DA:217,2
DA:225,2
DA:229,2
DA:241,1
DA:250,1
DA:251,0
DA:252,0
DA:255,0
DA:256,0
DA:259,0
DA:264,0
DA:265,0
DA:268,0
DA:277,0
DA:286,1
DA:287,2
DA:288,2
DA:290,2
DA:295,2
DA:296,0
DA:300,2
DA:301,0
DA:306,2
DA:310,2
DA:311,2
DA:315,2
DA:317,0
DA:326,1
DA:327,4
DA:328,4
DA:329,4
DA:330,4
DA:331,4
DA:332,4
DA:333,4
DA:335,4
DA:336,4
DA:337,4
DA:338,4
DA:340,4
DA:348,4
DA:350,4
DA:362,0
DA:371,1
DA:372,3
DA:373,3
DA:375,3
DA:380,3
DA:381,1
DA:385,2
DA:386,0
DA:389,2
DA:395,1
DA:404,1
DA:405,2
DA:406,2
DA:409,2
DA:413,2
DA:414,1
DA:418,1
DA:420,1
DA:433,1
DA:442,1
DA:451,1
DA:452,1
DA:453,1
DA:454,1
DA:456,1
DA:460,1
DA:461,0
DA:464,1
DA:465,1
DA:466,1
DA:467,1
DA:468,1
DA:469,1
DA:472,1
DA:473,0
DA:476,1
DA:482,1
DA:491,0
DA:500,1
DA:501,1
DA:502,1
DA:504,1
DA:508,1
DA:509,0
DA:512,1
DA:516,1
DA:521,0
LF:144
LH:114
BRDA:47,0,0,0
BRDA:47,0,1,1
BRDA:93,1,0,1
BRDA:93,1,1,0
BRDA:142,2,0,1
BRDA:142,2,1,0
BRDA:208,3,0,3
BRDA:208,3,1,3
BRDA:209,4,0,3
BRDA:209,4,1,3
BRDA:213,5,0,1
BRDA:213,5,1,2
BRDA:213,6,0,3
BRDA:213,6,1,2
BRDA:255,7,0,0
BRDA:255,7,1,0
BRDA:255,8,0,0
BRDA:255,8,1,0
BRDA:264,9,0,0
BRDA:264,9,1,0
BRDA:295,10,0,0
BRDA:295,10,1,2
BRDA:300,11,0,0
BRDA:300,11,1,2
BRDA:300,12,0,2
BRDA:300,12,1,1
BRDA:328,13,0,4
BRDA:328,13,1,3
BRDA:329,14,0,4
BRDA:329,14,1,3
BRDA:336,15,0,1
BRDA:336,15,1,3
BRDA:337,16,0,0
BRDA:337,16,1,4
BRDA:338,17,0,1
BRDA:338,17,1,3
BRDA:380,18,0,1
BRDA:380,18,1,2
BRDA:385,19,0,0
BRDA:385,19,1,2
BRDA:385,20,0,2
BRDA:385,20,1,1
BRDA:413,21,0,1
BRDA:413,21,1,1
BRDA:427,22,0,1
BRDA:427,22,1,0
BRDA:460,23,0,0
BRDA:460,23,1,1
BRDA:465,24,0,0
BRDA:465,24,1,1
BRDA:466,25,0,1
BRDA:466,25,1,0
BRDA:467,26,0,0
BRDA:467,26,1,1
BRDA:468,27,0,1
BRDA:468,27,1,0
BRDA:469,28,0,0
BRDA:469,28,1,1
BRDA:472,29,0,0
BRDA:472,29,1,1
BRDA:508,30,0,0
BRDA:508,30,1,1
BRF:62
BRH:40
end_of_record
TN:
SF:src\controllers\evenementController.js
FN:11,(anonymous_0)
FN:46,(anonymous_1)
FN:73,(anonymous_2)
FN:102,(anonymous_3)
FN:143,(anonymous_4)
FNF:5
FNH:0
FNDA:0,(anonymous_0)
FNDA:0,(anonymous_1)
FNDA:0,(anonymous_2)
FNDA:0,(anonymous_3)
FNDA:0,(anonymous_4)
DA:1,1
DA:2,1
DA:4,1
DA:11,1
DA:12,0
DA:13,0
DA:14,0
DA:15,0
DA:17,0
DA:23,0
DA:25,0
DA:37,0
DA:46,1
DA:47,0
DA:48,0
DA:50,0
DA:54,0
DA:55,0
DA:58,0
DA:64,0
DA:73,1
DA:74,0
DA:75,0
DA:77,0
DA:87,0
DA:93,0
DA:102,1
DA:103,0
DA:104,0
DA:105,0
DA:107,0
DA:111,0
DA:112,0
DA:115,0
DA:116,0
DA:117,0
DA:118,0
DA:119,0
DA:120,0
DA:121,0
DA:123,0
DA:128,0
DA:134,0
DA:143,1
DA:144,0
DA:145,0
DA:147,0
DA:151,0
DA:152,0
DA:155,0
DA:159,0
DA:164,0
LF:52
LH:8
BRDA:13,0,0,0
BRDA:13,0,1,0
BRDA:14,1,0,0
BRDA:14,1,1,0
BRDA:54,2,0,0
BRDA:54,2,1,0
BRDA:80,3,0,0
BRDA:80,3,1,0
BRDA:82,4,0,0
BRDA:82,4,1,0
BRDA:83,5,0,0
BRDA:83,5,1,0
BRDA:111,6,0,0
BRDA:111,6,1,0
BRDA:116,7,0,0
BRDA:116,7,1,0
BRDA:117,8,0,0
BRDA:117,8,1,0
BRDA:118,9,0,0
BRDA:118,9,1,0
BRDA:119,10,0,0
BRDA:119,10,1,0
BRDA:120,11,0,0
BRDA:120,11,1,0
BRDA:121,12,0,0
BRDA:121,12,1,0
BRDA:151,13,0,0
BRDA:151,13,1,0
BRF:28
BRH:0
end_of_record
TN:
SF:src\controllers\membreController.js
FN:13,(anonymous_0)
FN:41,(anonymous_1)
FN:73,(anonymous_2)
FN:91,(anonymous_3)
FN:119,(anonymous_4)
FN:156,(anonymous_5)
FN:191,(anonymous_6)
FN:220,(anonymous_7)
FN:249,(anonymous_8)
FN:267,(anonymous_9)
FN:271,(anonymous_10)
FN:285,(anonymous_11)
FN:310,(anonymous_12)
FN:329,(anonymous_13)
FNF:14
FNH:0
FNDA:0,(anonymous_0)
FNDA:0,(anonymous_1)
FNDA:0,(anonymous_2)
FNDA:0,(anonymous_3)
FNDA:0,(anonymous_4)
FNDA:0,(anonymous_5)
FNDA:0,(anonymous_6)
FNDA:0,(anonymous_7)
FNDA:0,(anonymous_8)
FNDA:0,(anonymous_9)
FNDA:0,(anonymous_10)
FNDA:0,(anonymous_11)
FNDA:0,(anonymous_12)
FNDA:0,(anonymous_13)
DA:3,1
DA:14,0
DA:15,0
DA:18,0
DA:19,0
DA:25,0
DA:27,0
DA:33,0
DA:42,0
DA:44,0
DA:46,0
DA:56,0
DA:58,0
DA:65,0
DA:74,0
DA:75,0
DA:77,0
DA:83,0
DA:92,0
DA:93,0
DA:96,0
DA:97,0
DA:103,0
DA:105,0
DA:111,0
DA:120,0
DA:121,0
DA:122,0
DA:125,0
DA:126,0
DA:133,0
DA:134,0
DA:140,0
DA:142,0
DA:148,0
DA:157,0
DA:158,0
DA:161,0
DA:162,0
DA:169,0
DA:170,0
DA:176,0
DA:178,0
DA:183,0
DA:192,0
DA:193,0
DA:194,0
DA:197,0
DA:198,0
DA:204,0
DA:206,0
DA:212,0
DA:221,0
DA:222,0
DA:223,0
DA:226,0
DA:227,0
DA:233,0
DA:235,0
DA:241,0
DA:250,0
DA:251,0
DA:253,0
DA:259,0
DA:268,0
DA:269,0
DA:271,0
DA:272,0
DA:273,0
DA:277,0
DA:286,0
DA:287,0
DA:288,0
DA:294,0
DA:296,0
DA:302,0
DA:311,0
DA:312,0
DA:313,0
DA:315,0
DA:321,0
DA:330,0
DA:331,0
DA:332,0
DA:334,0
DA:340,0
DA:345,1
LF:87
LH:2
BRDA:18,0,0,0
BRDA:18,0,1,0
BRDA:47,1,0,0
BRDA:47,1,1,0
BRDA:48,2,0,0
BRDA:48,2,1,0
BRDA:49,3,0,0
BRDA:49,3,1,0
BRDA:50,4,0,0
BRDA:50,4,1,0
BRDA:51,5,0,0
BRDA:51,5,1,0
BRDA:52,6,0,0
BRDA:52,6,1,0
BRDA:53,7,0,0
BRDA:53,7,1,0
BRDA:96,8,0,0
BRDA:96,8,1,0
BRDA:96,9,0,0
BRDA:96,9,1,0
BRDA:125,10,0,0
BRDA:125,10,1,0
BRDA:125,11,0,0
BRDA:125,11,1,0
BRDA:133,12,0,0
BRDA:133,12,1,0
BRDA:133,13,0,0
BRDA:133,13,1,0
BRDA:161,14,0,0
BRDA:161,14,1,0
BRDA:169,15,0,0
BRDA:169,15,1,0
BRDA:197,16,0,0
BRDA:197,16,1,0
BRDA:226,17,0,0
BRDA:226,17,1,0
BRDA:272,18,0,0
BRDA:272,18,1,0
BRDA:272,19,0,0
BRDA:272,19,1,0
BRDA:287,20,0,0
BRDA:287,20,1,0
BRF:42
BRH:0
end_of_record
TN:
SF:src\middlewares\authMiddleware.js
FN:13,(anonymous_0)
FN:87,(anonymous_1)
FNF:2
FNH:1
FNDA:29,(anonymous_0)
FNDA:0,(anonymous_1)
DA:3,1
DA:4,1
DA:5,1
DA:7,1
DA:13,1
DA:14,29
DA:16,29
DA:18,29
DA:19,1
DA:25,28
DA:28,28
DA:31,28
DA:43,28
DA:44,0
DA:50,28
DA:51,0
DA:58,28
DA:59,28
DA:61,0
DA:62,0
DA:69,0
DA:70,0
DA:76,0
DA:77,0
DA:87,1
DA:88,0
DA:89,0
DA:91,0
DA:92,0
DA:95,0
DA:96,0
DA:98,0
DA:110,0
DA:111,0
DA:114,0
DA:117,0
DA:121,1
LF:37
LH:18
BRDA:18,0,0,1
BRDA:18,0,1,28
BRDA:18,1,0,29
BRDA:18,1,1,28
BRDA:43,2,0,0
BRDA:43,2,1,28
BRDA:50,3,0,0
BRDA:50,3,1,28
BRDA:61,4,0,0
BRDA:61,4,1,0
BRDA:69,5,0,0
BRDA:69,5,1,0
BRDA:91,6,0,0
BRDA:91,6,1,0
BRDA:91,7,0,0
BRDA:91,7,1,0
BRDA:110,8,0,0
BRDA:110,8,1,0
BRDA:110,9,0,0
BRDA:110,9,1,0
BRF:20
BRH:6
end_of_record
TN:
SF:src\middlewares\errorHandler.js
FN:5,(anonymous_0)
FNF:1
FNH:1
FNDA:3,(anonymous_0)
DA:5,1
DA:6,3
DA:9,3
DA:10,0
DA:11,0
DA:19,3
DA:20,0
DA:27,3
DA:28,0
DA:34,3
DA:35,0
DA:42,3
DA:43,0
DA:51,3
DA:52,3
DA:59,0
DA:61,0
DA:65,0
DA:72,1
LF:19
LH:10
BRDA:9,0,0,0
BRDA:9,0,1,3
BRDA:10,1,0,0
BRDA:10,1,1,0
BRDA:19,2,0,0
BRDA:19,2,1,3
BRDA:27,3,0,0
BRDA:27,3,1,3
BRDA:34,4,0,0
BRDA:34,4,1,3
BRDA:42,5,0,0
BRDA:42,5,1,3
BRDA:42,6,0,3
BRDA:42,6,1,3
BRDA:46,7,0,0
BRDA:46,7,1,0
BRDA:51,8,0,3
BRDA:51,8,1,0
BRDA:59,9,0,0
BRDA:59,9,1,0
BRDA:61,10,0,0
BRDA:61,10,1,0
BRDA:68,11,0,0
BRDA:68,11,1,0
BRF:24
BRH:8
end_of_record
TN:
SF:src\middlewares\roleMiddleware.js
FN:9,(anonymous_0)
FN:10,(anonymous_1)
FN:45,(anonymous_2)
FN:46,(anonymous_3)
FNF:4
FNH:2
FNDA:21,(anonymous_0)
FNDA:18,(anonymous_1)
FNDA:0,(anonymous_2)
FNDA:0,(anonymous_3)
DA:3,1
DA:9,1
DA:10,21
DA:12,18
DA:13,0
DA:20,18
DA:21,5
DA:27,13
DA:34,1
DA:39,1
DA:45,1
DA:46,0
DA:47,0
DA:48,0
DA:54,0
DA:57,0
DA:58,0
DA:62,0
DA:63,0
DA:69,0
DA:73,1
LF:21
LH:11
BRDA:12,0,0,0
BRDA:12,0,1,18
BRDA:20,1,0,5
BRDA:20,1,1,13
BRDA:45,2,0,0
BRDA:47,3,0,0
BRDA:47,3,1,0
BRDA:57,4,0,0
BRDA:57,4,1,0
BRDA:62,5,0,0
BRDA:62,5,1,0
BRF:11
BRH:3
end_of_record
TN:
SF:src\middlewares\validators\authValidator.js
FN:8,(anonymous_0)
FN:15,(anonymous_1)
FN:110,(anonymous_2)
FN:135,(anonymous_3)
FN:144,(anonymous_4)
FNF:5
FNH:1
FNDA:2,(anonymous_0)
FNDA:0,(anonymous_1)
FNDA:0,(anonymous_2)
FNDA:0,(anonymous_3)
FNDA:0,(anonymous_4)
DA:3,1
DA:8,1
DA:9,2
DA:11,2
DA:12,0
DA:15,0
DA:22,2
DA:28,1
DA:75,1
DA:86,1
DA:95,1
DA:111,0
DA:112,0
DA:114,0
DA:123,1
DA:136,0
DA:137,0
DA:141,0
DA:145,0
DA:146,0
DA:148,0
DA:157,1
DA:163,1
LF:23
LH:12
BRDA:11,0,0,0
BRDA:11,0,1,2
BRDA:111,1,0,0
BRDA:111,1,1,0
BRDA:136,2,0,0
BRDA:136,2,1,0
BRDA:145,3,0,0
BRDA:145,3,1,0
BRF:8
BRH:1
end_of_record
TN:
SF:src\middlewares\validators\cotisationValidator.js
FN:14,(anonymous_0)
FN:31,(anonymous_1)
FN:52,(anonymous_2)
FN:75,(anonymous_3)
FN:92,(anonymous_4)
FN:111,(anonymous_5)
FN:130,(anonymous_6)
FN:167,(anonymous_7)
FN:184,(anonymous_8)
FN:199,(anonymous_9)
FN:216,(anonymous_10)
FNF:11
FNH:8
FNDA:4,(anonymous_0)
FNDA:4,(anonymous_1)
FNDA:0,(anonymous_2)
FNDA:1,(anonymous_3)
FNDA:5,(anonymous_4)
FNDA:3,(anonymous_5)
FNDA:1,(anonymous_6)
FNDA:4,(anonymous_7)
FNDA:0,(anonymous_8)
FNDA:1,(anonymous_9)
FNDA:0,(anonymous_10)
DA:1,1
DA:2,1
DA:7,1
DA:15,4
DA:16,1
DA:18,3
DA:32,4
DA:33,4
DA:34,2
DA:40,2
DA:47,1
DA:53,0
DA:54,0
DA:56,0
DA:76,1
DA:77,1
DA:78,0
DA:84,1
DA:91,1
DA:93,5
DA:96,5
DA:97,5
DA:98,0
DA:103,5
DA:110,1
DA:112,3
DA:115,3
DA:116,3
DA:117,0
DA:122,3
DA:129,1
DA:131,1
DA:134,1
DA:135,1
DA:136,0
DA:141,1
DA:148,1
DA:168,4
DA:169,4
DA:170,0
DA:176,4
DA:183,1
DA:185,0
DA:192,1
DA:200,1
DA:201,1
DA:202,0
DA:208,1
DA:215,1
DA:217,0
DA:220,0
DA:221,0
DA:222,0
DA:227,0
LF:54
LH:39
BRDA:15,0,0,1
BRDA:15,0,1,3
BRDA:33,1,0,2
BRDA:33,1,1,2
BRDA:53,2,0,0
BRDA:53,2,1,0
BRDA:77,3,0,0
BRDA:77,3,1,1
BRDA:97,4,0,0
BRDA:97,4,1,5
BRDA:116,5,0,0
BRDA:116,5,1,3
BRDA:135,6,0,0
BRDA:135,6,1,1
BRDA:169,7,0,0
BRDA:169,7,1,4
BRDA:201,8,0,0
BRDA:201,8,1,1
BRDA:221,9,0,0
BRDA:221,9,1,0
BRF:20
BRH:10
end_of_record
TN:
SF:src\middlewares\validators\membreValidator.js
FN:8,(anonymous_0)
FN:15,(anonymous_1)
FNF:2
FNH:0
FNDA:0,(anonymous_0)
FNDA:0,(anonymous_1)
DA:3,1
DA:8,1
DA:9,0
DA:11,0
DA:12,0
DA:15,0
DA:22,0
DA:28,1
DA:85,1
DA:123,1
DA:136,1
DA:149,1
DA:155,1
LF:13
LH:8
BRDA:11,0,0,0
BRDA:11,0,1,0
BRF:2
BRH:0
end_of_record
TN:
SF:src\routes\authRoutes.js
FNF:0
FNH:0
DA:3,1
DA:4,1
DA:5,1
DA:6,1
DA:14,1
DA:21,1
DA:28,1
DA:35,1
DA:42,1
DA:53,1
DA:64,1
DA:75,1
DA:82,1
DA:94,1
DA:96,1
LF:15
LH:15
BRF:0
BRH:0
end_of_record
TN:
SF:src\routes\cotisationRoutes.js
FNF:0
FNH:0
DA:1,1
DA:2,1
DA:4,1
DA:5,1
DA:6,1
DA:17,1
DA:28,1
DA:41,1
DA:54,1
DA:65,1
DA:72,1
DA:84,1
DA:97,1
DA:110,1
DA:126,1
DA:138,1
DA:150,1
DA:162,1
DA:174,1
DA:187,1
DA:195,1
LF:21
LH:21
BRF:0
BRH:0
end_of_record
TN:
SF:src\routes\evenementRoutes.js
FNF:0
FNH:0
DA:1,1
DA:2,1
DA:4,1
DA:5,1
DA:6,1
DA:17,1
DA:24,1
DA:31,1
DA:43,1
DA:55,1
DA:62,1
LF:11
LH:11
BRF:0
BRH:0
end_of_record
TN:
SF:src\routes\index.js
FN:20,(anonymous_0)
FNF:1
FNH:0
FNDA:0,(anonymous_0)
DA:1,1
DA:2,1
DA:5,1
DA:6,1
DA:7,1
DA:8,1
DA:14,1
DA:15,1
DA:16,1
DA:20,1
DA:21,0
DA:34,1
LF:12
LH:11
BRF:0
BRH:0
end_of_record
TN:
SF:src\routes\membreRoutes.js
FNF:0
FNH:0
DA:3,1
DA:4,1
DA:5,1
DA:6,1
DA:7,1
DA:13,1
DA:23,1
DA:36,1
DA:48,1
DA:60,1
DA:72,1
DA:81,1
DA:96,1
DA:107,1
DA:118,1
DA:131,1
DA:144,1
DA:151,1
DA:163,1
DA:170,1
LF:20
LH:20
BRF:0
BRH:0
end_of_record
TN:
SF:src\services\authService.js
FN:30,(anonymous_0)
FN:86,(anonymous_1)
FN:134,(anonymous_2)
FN:184,(anonymous_3)
FN:239,(anonymous_4)
FN:271,(anonymous_5)
FN:302,(anonymous_6)
FNF:7
FNH:1
FNDA:0,(anonymous_0)
FNDA:2,(anonymous_1)
FNDA:0,(anonymous_2)
FNDA:0,(anonymous_3)
FNDA:0,(anonymous_4)
FNDA:0,(anonymous_5)
FNDA:0,(anonymous_6)
DA:3,1
DA:4,1
DA:9,1
DA:14,1
DA:15,1
DA:16,1
DA:18,1
DA:31,0
DA:34,0
DA:38,0
DA:39,0
DA:43,0
DA:44,0
DA:47,0
DA:60,0
DA:67,0
DA:68,0
DA:70,0
DA:74,0
DA:88,2
DA:92,2
DA:93,0
DA:97,2
DA:99,2
DA:100,0
DA:104,2
DA:105,0
DA:112,2
DA:118,2
DA:122,2
DA:135,0
DA:140,0
DA:141,0
DA:148,0
DA:149,0
DA:154,0
DA:156,0
DA:165,0
DA:166,0
DA:168,0
DA:169,0
DA:172,0
DA:186,0
DA:194,0
DA:195,0
DA:196,0
DA:197,0
DA:198,0
DA:199,0
DA:203,0
DA:204,0
DA:208,0
DA:209,0
DA:212,0
DA:222,0
DA:223,0
DA:225,0
DA:228,0
DA:240,0
DA:241,0
DA:243,0
DA:247,0
DA:248,0
DA:251,0
DA:257,0
DA:262,0
DA:272,0
DA:289,0
DA:290,0
DA:293,0
DA:303,0
DA:307,0
DA:308,0
DA:312,0
DA:316,0
DA:317,0
DA:321,0
DA:322,0
DA:324,0
DA:329,0
DA:333,1
LF:81
LH:16
BRDA:38,0,0,0
BRDA:38,0,1,0
BRDA:43,1,0,0
BRDA:43,1,1,0
BRDA:92,2,0,0
BRDA:92,2,1,2
BRDA:99,3,0,0
BRDA:99,3,1,2
BRDA:104,4,0,0
BRDA:104,4,1,2
BRDA:140,5,0,0
BRDA:140,5,1,0
BRDA:197,6,0,0
BRDA:197,6,1,0
BRDA:203,7,0,0
BRDA:203,7,1,0
BRDA:208,8,0,0
BRDA:208,8,1,0
BRDA:247,9,0,0
BRDA:247,9,1,0
BRDA:247,10,0,0
BRDA:247,10,1,0
BRDA:289,11,0,0
BRDA:289,11,1,0
BRDA:307,12,0,0
BRDA:307,12,1,0
BRDA:316,13,0,0
BRDA:316,13,1,0
BRDA:321,14,0,0
BRDA:321,14,1,0
BRF:30
BRH:3
end_of_record
TN:
SF:src\services\emailService.js
FN:13,(anonymous_0)
FN:22,(anonymous_1)
FN:25,(anonymous_2)
FN:42,(anonymous_3)
FN:73,(anonymous_4)
FN:94,(anonymous_5)
FN:114,(anonymous_6)
FNF:7
FNH:3
FNDA:1,(anonymous_0)
FNDA:1,(anonymous_1)
FNDA:3,(anonymous_2)
FNDA:0,(anonymous_3)
FNDA:0,(anonymous_4)
FNDA:0,(anonymous_5)
FNDA:0,(anonymous_6)
DA:3,1
DA:4,1
DA:5,1
DA:6,1
DA:7,1
DA:14,1
DA:15,1
DA:16,1
DA:23,1
DA:25,1
DA:26,3
DA:27,3
DA:28,3
DA:29,3
DA:33,1
DA:43,0
DA:46,0
DA:47,0
DA:50,0
DA:53,0
DA:60,0
DA:61,0
DA:62,0
DA:64,0
DA:65,0
DA:74,0
DA:95,0
DA:97,0
DA:115,0
DA:129,1
LF:30
LH:16
BRDA:27,0,0,3
BRDA:27,0,1,0
BRDA:46,1,0,0
BRDA:46,1,1,0
BRDA:50,2,0,0
BRDA:50,2,1,0
BRDA:122,3,0,0
BRDA:122,3,1,0
BRF:8
BRH:1
end_of_record
TN:
SF:src\services\membreService.js
FN:19,(anonymous_0)
FN:99,(anonymous_1)
FN:150,(anonymous_2)
FN:197,(anonymous_3)
FN:258,(anonymous_4)
FN:284,(anonymous_5)
FN:343,(anonymous_6)
FN:358,(anonymous_7)
FNF:8
FNH:0
FNDA:0,(anonymous_0)
FNDA:0,(anonymous_1)
FNDA:0,(anonymous_2)
FNDA:0,(anonymous_3)
FNDA:0,(anonymous_4)
FNDA:0,(anonymous_5)
FNDA:0,(anonymous_6)
FNDA:0,(anonymous_7)
DA:1,1
DA:2,1
DA:3,1
DA:4,1
DA:5,1
DA:6,1
DA:8,1
DA:28,0
DA:30,0
DA:31,0
DA:34,0
DA:37,0
DA:38,0
DA:46,0
DA:47,0
DA:51,0
DA:52,0
DA:56,0
DA:83,0
DA:100,0
DA:130,0
DA:131,0
DA:140,0
DA:142,0
DA:151,0
DA:154,0
DA:158,0
DA:159,0
DA:163,0
DA:166,0
DA:188,0
DA:198,0
DA:201,0
DA:205,0
DA:206,0
DA:210,0
DA:213,0
DA:214,0
DA:218,0
DA:219,0
DA:225,0
DA:229,0
DA:230,0
DA:234,0
DA:250,0
DA:260,0
DA:264,0
DA:265,0
DA:269,0
DA:273,0
DA:286,0
DA:288,0
DA:289,0
DA:292,0
DA:293,0
DA:296,0
DA:297,0
DA:304,0
DA:320,0
DA:321,0
DA:324,0
DA:326,0
DA:343,0
DA:349,0
DA:351,0
DA:365,0
DA:390,0
DA:405,1
LF:68
LH:8
BRDA:19,0,0,0
BRDA:21,1,0,0
BRDA:22,2,0,0
BRDA:23,3,0,0
BRDA:24,4,0,0
BRDA:25,5,0,0
BRDA:26,6,0,0
BRDA:27,7,0,0
BRDA:37,8,0,0
BRDA:37,8,1,0
BRDA:46,9,0,0
BRDA:46,9,1,0
BRDA:51,10,0,0
BRDA:51,10,1,0
BRDA:130,11,0,0
BRDA:130,11,1,0
BRDA:158,12,0,0
BRDA:158,12,1,0
BRDA:171,13,0,0
BRDA:171,13,1,0
BRDA:173,14,0,0
BRDA:173,14,1,0
BRDA:174,15,0,0
BRDA:174,15,1,0
BRDA:205,16,0,0
BRDA:205,16,1,0
BRDA:213,17,0,0
BRDA:213,17,1,0
BRDA:213,18,0,0
BRDA:213,18,1,0
BRDA:218,19,0,0
BRDA:218,19,1,0
BRDA:229,20,0,0
BRDA:229,20,1,0
BRDA:264,21,0,0
BRDA:264,21,1,0
BRDA:284,22,0,0
BRDA:288,23,0,0
BRDA:288,23,1,0
BRDA:292,24,0,0
BRDA:292,24,1,0
BRDA:296,25,0,0
BRDA:296,25,1,0
BRDA:345,26,0,0
BRDA:345,26,1,0
BRF:45
BRH:0
end_of_record
TN:
SF:src\utils\constants.js
FNF:0
FNH:0
DA:6,1
LF:1
LH:1
BRF:0
BRH:0
end_of_record
TN:
SF:src\utils\helpers.js
FN:10,(anonymous_0)
FN:19,(anonymous_1)
FN:32,(anonymous_2)
FN:44,(anonymous_3)
FN:56,(anonymous_4)
FN:61,(anonymous_5)
FN:70,(anonymous_6)
FNF:7
FNH:3
FNDA:0,(anonymous_0)
FNDA:0,(anonymous_1)
FNDA:0,(anonymous_2)
FNDA:3,(anonymous_3)
FNDA:2,(anonymous_4)
FNDA:6,(anonymous_5)
FNDA:0,(anonymous_6)
DA:3,1
DA:10,1
DA:11,0
DA:19,1
DA:20,0
DA:32,1
DA:33,0
DA:34,0
DA:35,0
DA:44,1
DA:45,3
DA:46,3
DA:47,3
DA:56,1
DA:60,2
DA:61,6
DA:62,2
DA:70,1
DA:71,0
DA:72,0
DA:73,0
DA:76,1
LF:22
LH:14
BRDA:10,0,0,0
BRDA:44,1,0,0
BRDA:58,2,0,2
BRDA:70,3,0,0
BRF:4
BRH:1
end_of_record
