TN:
SF:src\config\email.js
FN:9,(anonymous_0)
FN:37,(anonymous_1)
FNF:2
FNH:1
FNDA:4,(anonymous_0)
FNDA:0,(anonymous_1)
DA:3,4
DA:9,4
DA:11,4
DA:12,0
DA:20,4
DA:31,4
DA:37,4
DA:38,0
DA:39,0
DA:40,0
DA:41,0
DA:43,0
DA:44,0
DA:48,4
LF:14
LH:7
BRDA:11,0,0,0
BRDA:11,0,1,4
BRDA:11,1,0,4
BRDA:11,1,1,0
BRDA:22,2,0,4
BRDA:22,2,1,0
BRDA:51,3,0,4
BRDA:51,3,1,0
BRF:8
BRH:4
end_of_record
TN:
SF:src\config\jwt.js
FN:19,(anonymous_0)
FN:30,(anonymous_1)
FN:42,(anonymous_2)
FN:51,(anonymous_3)
FNF:4
FNH:3
FNDA:10,(anonymous_0)
FNDA:8,(anonymous_1)
FNDA:78,(anonymous_2)
FNDA:0,(anonymous_3)
DA:3,4
DA:8,4
DA:19,4
DA:20,10
DA:30,4
DA:31,8
DA:42,4
DA:43,78
DA:51,4
DA:52,0
DA:55,4
LF:11
LH:10
BRDA:9,0,0,4
BRDA:9,0,1,0
BRDA:10,1,0,4
BRDA:10,1,1,0
BRDA:11,2,0,4
BRDA:11,2,1,0
BRF:6
BRH:3
end_of_record
TN:
SF:src\controllers\authController.js
FN:13,(anonymous_0)
FN:31,(anonymous_1)
FN:52,(anonymous_2)
FN:70,(anonymous_3)
FN:88,(anonymous_4)
FN:106,(anonymous_5)
FN:125,(anonymous_6)
FN:142,(anonymous_7)
FN:164,(anonymous_8)
FNF:9
FNH:8
FNDA:2,(anonymous_0)
FNDA:11,(anonymous_1)
FNDA:1,(anonymous_2)
FNDA:2,(anonymous_3)
FNDA:0,(anonymous_4)
FNDA:2,(anonymous_5)
FNDA:1,(anonymous_6)
FNDA:2,(anonymous_7)
FNDA:1,(anonymous_8)
DA:3,4
DA:14,2
DA:15,2
DA:17,1
DA:23,1
DA:32,11
DA:33,11
DA:34,11
DA:36,8
DA:44,3
DA:53,1
DA:57,1
DA:62,0
DA:71,2
DA:72,2
DA:73,2
DA:75,2
DA:80,0
DA:89,0
DA:90,0
DA:91,0
DA:93,0
DA:98,0
DA:107,2
DA:108,2
DA:109,2
DA:111,1
DA:117,1
DA:126,1
DA:127,1
DA:129,1
DA:134,0
DA:143,2
DA:144,2
DA:145,2
DA:151,1
DA:156,1
DA:165,1
DA:166,1
DA:174,0
DA:179,4
LF:41
LH:32
BRF:0
BRH:0
end_of_record
TN:
SF:src\controllers\cotisationController.js
FN:12,(anonymous_0)
FN:37,(anonymous_1)
FN:71,(anonymous_2)
FN:110,(anonymous_3)
FN:140,(anonymous_4)
FN:174,(anonymous_5)
FN:205,(anonymous_6)
FN:250,(anonymous_7)
FN:286,(anonymous_8)
FN:326,(anonymous_9)
FN:371,(anonymous_10)
FN:404,(anonymous_11)
FN:451,(anonymous_12)
FN:500,(anonymous_13)
FNF:14
FNH:12
FNDA:1,(anonymous_0)
FNDA:1,(anonymous_1)
FNDA:1,(anonymous_2)
FNDA:0,(anonymous_3)
FNDA:1,(anonymous_4)
FNDA:1,(anonymous_5)
FNDA:3,(anonymous_6)
FNDA:0,(anonymous_7)
FNDA:2,(anonymous_8)
FNDA:4,(anonymous_9)
FNDA:3,(anonymous_10)
FNDA:2,(anonymous_11)
FNDA:1,(anonymous_12)
FNDA:1,(anonymous_13)
DA:1,4
DA:2,4
DA:3,4
DA:5,4
DA:12,4
DA:13,1
DA:14,1
DA:16,1
DA:22,1
DA:28,0
DA:37,4
DA:38,1
DA:39,1
DA:41,1
DA:47,1
DA:48,0
DA:51,1
DA:62,0
DA:71,4
DA:72,1
DA:73,1
DA:74,1
DA:77,1
DA:81,1
DA:86,1
DA:101,0
DA:110,4
DA:111,0
DA:112,0
DA:114,0
DA:125,0
DA:131,0
DA:140,4
DA:141,1
DA:142,1
DA:143,1
DA:144,1
DA:146,1
DA:158,1
DA:165,0
DA:174,4
DA:175,1
DA:176,1
DA:178,1
DA:190,1
DA:196,0
DA:205,4
DA:206,3
DA:207,3
DA:208,3
DA:209,3
DA:210,3
DA:213,3
DA:214,1
DA:217,2
DA:225,2
DA:229,2
DA:241,1
DA:250,4
DA:251,0
DA:252,0
DA:255,0
DA:256,0
DA:259,0
DA:264,0
DA:265,0
DA:268,0
DA:277,0
DA:286,4
DA:287,2
DA:288,2
DA:290,2
DA:295,2
DA:296,0
DA:300,2
DA:301,0
DA:306,2
DA:310,2
DA:311,2
DA:315,2
DA:317,0
DA:326,4
DA:327,4
DA:328,4
DA:329,4
DA:330,4
DA:331,4
DA:332,4
DA:333,4
DA:335,4
DA:336,4
DA:337,4
DA:338,4
DA:340,4
DA:348,4
DA:350,4
DA:362,0
DA:371,4
DA:372,3
DA:373,3
DA:375,3
DA:380,3
DA:381,1
DA:385,2
DA:386,0
DA:389,2
DA:395,1
DA:404,4
DA:405,2
DA:406,2
DA:409,2
DA:413,2
DA:414,1
DA:418,1
DA:420,1
DA:433,1
DA:442,1
DA:451,4
DA:452,1
DA:453,1
DA:454,1
DA:456,1
DA:460,1
DA:461,0
DA:464,1
DA:465,1
DA:466,1
DA:467,1
DA:468,1
DA:469,1
DA:472,1
DA:473,0
DA:476,1
DA:482,1
DA:491,0
DA:500,4
DA:501,1
DA:502,1
DA:504,1
DA:508,1
DA:509,0
DA:512,1
DA:516,1
DA:521,0
LF:144
LH:114
BRDA:47,0,0,0
BRDA:47,0,1,1
BRDA:93,1,0,1
BRDA:93,1,1,0
BRDA:142,2,0,1
BRDA:142,2,1,0
BRDA:208,3,0,3
BRDA:208,3,1,3
BRDA:209,4,0,3
BRDA:209,4,1,3
BRDA:213,5,0,1
BRDA:213,5,1,2
BRDA:213,6,0,3
BRDA:213,6,1,2
BRDA:255,7,0,0
BRDA:255,7,1,0
BRDA:255,8,0,0
BRDA:255,8,1,0
BRDA:264,9,0,0
BRDA:264,9,1,0
BRDA:295,10,0,0
BRDA:295,10,1,2
BRDA:300,11,0,0
BRDA:300,11,1,2
BRDA:300,12,0,2
BRDA:300,12,1,1
BRDA:328,13,0,4
BRDA:328,13,1,3
BRDA:329,14,0,4
BRDA:329,14,1,3
BRDA:336,15,0,1
BRDA:336,15,1,3
BRDA:337,16,0,0
BRDA:337,16,1,4
BRDA:338,17,0,1
BRDA:338,17,1,3
BRDA:380,18,0,1
BRDA:380,18,1,2
BRDA:385,19,0,0
BRDA:385,19,1,2
BRDA:385,20,0,2
BRDA:385,20,1,1
BRDA:413,21,0,1
BRDA:413,21,1,1
BRDA:427,22,0,1
BRDA:427,22,1,0
BRDA:460,23,0,0
BRDA:460,23,1,1
BRDA:465,24,0,0
BRDA:465,24,1,1
BRDA:466,25,0,1
BRDA:466,25,1,0
BRDA:467,26,0,0
BRDA:467,26,1,1
BRDA:468,27,0,1
BRDA:468,27,1,0
BRDA:469,28,0,0
BRDA:469,28,1,1
BRDA:472,29,0,0
BRDA:472,29,1,1
BRDA:508,30,0,0
BRDA:508,30,1,1
BRF:62
BRH:40
end_of_record
TN:
SF:src\controllers\evenementController.js
FN:11,(anonymous_0)
FN:46,(anonymous_1)
FN:73,(anonymous_2)
FN:108,(anonymous_3)
FN:156,(anonymous_4)
FNF:5
FNH:5
FNDA:3,(anonymous_0)
FNDA:4,(anonymous_1)
FNDA:1,(anonymous_2)
FNDA:2,(anonymous_3)
FNDA:2,(anonymous_4)
DA:1,4
DA:2,4
DA:4,4
DA:11,4
DA:12,3
DA:13,3
DA:14,3
DA:15,3
DA:17,3
DA:23,3
DA:25,3
DA:37,0
DA:46,4
DA:47,4
DA:48,4
DA:50,4
DA:54,4
DA:55,2
DA:58,2
DA:64,2
DA:73,4
DA:74,1
DA:76,1
DA:77,1
DA:79,1
DA:93,1
DA:99,0
DA:108,4
DA:109,2
DA:110,2
DA:112,2
DA:114,2
DA:118,2
DA:119,1
DA:122,1
DA:123,1
DA:124,1
DA:125,1
DA:126,1
DA:127,0
DA:128,1
DA:129,1
DA:130,1
DA:131,1
DA:132,1
DA:133,1
DA:136,1
DA:141,1
DA:147,1
DA:156,4
DA:157,2
DA:158,2
DA:160,2
DA:164,2
DA:165,1
DA:168,1
DA:172,1
DA:177,1
LF:58
LH:55
BRDA:13,0,0,3
BRDA:13,0,1,2
BRDA:14,1,0,3
BRDA:14,1,1,2
BRDA:54,2,0,2
BRDA:54,2,1,2
BRDA:82,3,0,1
BRDA:82,3,1,0
BRDA:84,4,0,1
BRDA:84,4,1,0
BRDA:118,5,0,1
BRDA:118,5,1,1
BRDA:123,6,0,1
BRDA:123,6,1,0
BRDA:124,7,0,0
BRDA:124,7,1,1
BRDA:125,8,0,0
BRDA:125,8,1,1
BRDA:126,9,0,0
BRDA:126,9,1,1
BRDA:127,10,0,0
BRDA:127,10,1,0
BRDA:128,11,0,0
BRDA:128,11,1,1
BRDA:129,12,0,1
BRDA:129,12,1,0
BRDA:164,13,0,1
BRDA:164,13,1,1
BRF:28
BRH:18
end_of_record
TN:
SF:src\controllers\membreController.js
FN:13,(anonymous_0)
FN:41,(anonymous_1)
FN:73,(anonymous_2)
FN:91,(anonymous_3)
FN:119,(anonymous_4)
FN:156,(anonymous_5)
FN:191,(anonymous_6)
FN:220,(anonymous_7)
FN:249,(anonymous_8)
FN:267,(anonymous_9)
FN:271,(anonymous_10)
FN:285,(anonymous_11)
FN:310,(anonymous_12)
FN:329,(anonymous_13)
FNF:14
FNH:9
FNDA:2,(anonymous_0)
FNDA:4,(anonymous_1)
FNDA:1,(anonymous_2)
FNDA:4,(anonymous_3)
FNDA:4,(anonymous_4)
FNDA:2,(anonymous_5)
FNDA:0,(anonymous_6)
FNDA:0,(anonymous_7)
FNDA:1,(anonymous_8)
FNDA:1,(anonymous_9)
FNDA:1,(anonymous_10)
FNDA:0,(anonymous_11)
FNDA:0,(anonymous_12)
FNDA:0,(anonymous_13)
DA:3,4
DA:14,2
DA:15,2
DA:18,2
DA:19,0
DA:25,2
DA:27,1
DA:33,1
DA:42,4
DA:44,4
DA:46,4
DA:56,4
DA:58,4
DA:65,0
DA:74,1
DA:75,1
DA:77,1
DA:83,0
DA:92,4
DA:93,4
DA:96,4
DA:97,1
DA:103,3
DA:105,2
DA:111,1
DA:120,4
DA:121,4
DA:122,4
DA:125,4
DA:126,1
DA:133,3
DA:134,1
DA:140,2
DA:142,2
DA:148,0
DA:157,2
DA:158,2
DA:161,2
DA:162,0
DA:169,2
DA:170,1
DA:176,1
DA:178,1
DA:183,0
DA:192,0
DA:193,0
DA:194,0
DA:197,0
DA:198,0
DA:204,0
DA:206,0
DA:212,0
DA:221,0
DA:222,0
DA:223,0
DA:226,0
DA:227,0
DA:233,0
DA:235,0
DA:241,0
DA:250,1
DA:251,1
DA:253,1
DA:259,0
DA:268,1
DA:269,1
DA:271,1
DA:272,1
DA:273,0
DA:277,0
DA:286,0
DA:287,0
DA:288,0
DA:294,0
DA:296,0
DA:302,0
DA:311,0
DA:312,0
DA:313,0
DA:315,0
DA:321,0
DA:330,0
DA:331,0
DA:332,0
DA:334,0
DA:340,0
DA:345,4
LF:87
LH:46
BRDA:18,0,0,0
BRDA:18,0,1,2
BRDA:47,1,0,4
BRDA:47,1,1,3
BRDA:48,2,0,4
BRDA:48,2,1,3
BRDA:49,3,0,4
BRDA:49,3,1,3
BRDA:50,4,0,4
BRDA:50,4,1,3
BRDA:51,5,0,4
BRDA:51,5,1,4
BRDA:52,6,0,4
BRDA:52,6,1,4
BRDA:53,7,0,4
BRDA:53,7,1,4
BRDA:96,8,0,1
BRDA:96,8,1,3
BRDA:96,9,0,4
BRDA:96,9,1,3
BRDA:125,10,0,1
BRDA:125,10,1,3
BRDA:125,11,0,4
BRDA:125,11,1,2
BRDA:133,12,0,1
BRDA:133,12,1,2
BRDA:133,13,0,3
BRDA:133,13,1,2
BRDA:161,14,0,0
BRDA:161,14,1,2
BRDA:169,15,0,1
BRDA:169,15,1,1
BRDA:197,16,0,0
BRDA:197,16,1,0
BRDA:226,17,0,0
BRDA:226,17,1,0
BRDA:272,18,0,0
BRDA:272,18,1,1
BRDA:272,19,0,1
BRDA:272,19,1,0
BRDA:287,20,0,0
BRDA:287,20,1,0
BRF:42
BRH:32
end_of_record
TN:
SF:src\middlewares\authMiddleware.js
FN:13,(anonymous_0)
FN:87,(anonymous_1)
FNF:2
FNH:1
FNDA:83,(anonymous_0)
FNDA:0,(anonymous_1)
DA:3,4
DA:4,4
DA:5,4
DA:7,4
DA:13,4
DA:14,83
DA:16,83
DA:18,83
DA:19,7
DA:25,76
DA:28,76
DA:31,75
DA:43,75
DA:44,0
DA:50,75
DA:51,0
DA:58,75
DA:59,75
DA:61,1
DA:62,0
DA:69,1
DA:70,1
DA:76,0
DA:77,0
DA:87,4
DA:88,0
DA:89,0
DA:91,0
DA:92,0
DA:95,0
DA:96,0
DA:98,0
DA:110,0
DA:111,0
DA:114,0
DA:117,0
DA:121,4
LF:37
LH:21
BRDA:18,0,0,7
BRDA:18,0,1,76
BRDA:18,1,0,83
BRDA:18,1,1,76
BRDA:43,2,0,0
BRDA:43,2,1,75
BRDA:50,3,0,0
BRDA:50,3,1,75
BRDA:61,4,0,0
BRDA:61,4,1,1
BRDA:69,5,0,1
BRDA:69,5,1,0
BRDA:91,6,0,0
BRDA:91,6,1,0
BRDA:91,7,0,0
BRDA:91,7,1,0
BRDA:110,8,0,0
BRDA:110,8,1,0
BRDA:110,9,0,0
BRDA:110,9,1,0
BRF:20
BRH:8
end_of_record
TN:
SF:src\middlewares\errorHandler.js
FN:5,(anonymous_0)
FNF:1
FNH:1
FNDA:15,(anonymous_0)
DA:5,4
DA:6,15
DA:9,15
DA:10,0
DA:11,0
DA:19,15
DA:20,0
DA:27,15
DA:28,0
DA:34,15
DA:35,0
DA:42,15
DA:43,0
DA:51,15
DA:52,15
DA:59,0
DA:61,0
DA:65,0
DA:72,4
LF:19
LH:10
BRDA:9,0,0,0
BRDA:9,0,1,15
BRDA:10,1,0,0
BRDA:10,1,1,0
BRDA:19,2,0,0
BRDA:19,2,1,15
BRDA:27,3,0,0
BRDA:27,3,1,15
BRDA:34,4,0,0
BRDA:34,4,1,15
BRDA:42,5,0,0
BRDA:42,5,1,15
BRDA:42,6,0,15
BRDA:42,6,1,15
BRDA:46,7,0,0
BRDA:46,7,1,0
BRDA:51,8,0,15
BRDA:51,8,1,0
BRDA:59,9,0,0
BRDA:59,9,1,0
BRDA:61,10,0,0
BRDA:61,10,1,0
BRDA:68,11,0,0
BRDA:68,11,1,0
BRF:24
BRH:8
end_of_record
TN:
SF:src\middlewares\roleMiddleware.js
FN:9,(anonymous_0)
FN:10,(anonymous_1)
FN:45,(anonymous_2)
FN:46,(anonymous_3)
FNF:4
FNH:2
FNDA:84,(anonymous_0)
FNDA:44,(anonymous_1)
FNDA:0,(anonymous_2)
FNDA:0,(anonymous_3)
DA:3,4
DA:9,4
DA:10,84
DA:12,44
DA:13,0
DA:20,44
DA:21,13
DA:27,31
DA:34,4
DA:39,4
DA:45,4
DA:46,0
DA:47,0
DA:48,0
DA:54,0
DA:57,0
DA:58,0
DA:62,0
DA:63,0
DA:69,0
DA:73,4
LF:21
LH:11
BRDA:12,0,0,0
BRDA:12,0,1,44
BRDA:20,1,0,13
BRDA:20,1,1,31
BRDA:45,2,0,0
BRDA:47,3,0,0
BRDA:47,3,1,0
BRDA:57,4,0,0
BRDA:57,4,1,0
BRDA:62,5,0,0
BRDA:62,5,1,0
BRF:11
BRH:3
end_of_record
TN:
SF:src\middlewares\validators\authValidator.js
FN:8,(anonymous_0)
FN:15,(anonymous_1)
FN:110,(anonymous_2)
FN:135,(anonymous_3)
FN:144,(anonymous_4)
FNF:5
FNH:4
FNDA:22,(anonymous_0)
FNDA:11,(anonymous_1)
FNDA:0,(anonymous_2)
FNDA:2,(anonymous_3)
FNDA:2,(anonymous_4)
DA:3,4
DA:8,4
DA:9,22
DA:11,22
DA:12,3
DA:15,11
DA:22,19
DA:28,4
DA:75,4
DA:86,4
DA:95,4
DA:111,0
DA:112,0
DA:114,0
DA:123,4
DA:136,2
DA:137,0
DA:141,2
DA:145,2
DA:146,0
DA:148,2
DA:157,4
DA:163,4
LF:23
LH:18
BRDA:11,0,0,3
BRDA:11,0,1,19
BRDA:111,1,0,0
BRDA:111,1,1,0
BRDA:136,2,0,0
BRDA:136,2,1,2
BRDA:145,3,0,0
BRDA:145,3,1,2
BRF:8
BRH:4
end_of_record
TN:
SF:src\middlewares\validators\cotisationValidator.js
FN:14,(anonymous_0)
FN:31,(anonymous_1)
FN:52,(anonymous_2)
FN:75,(anonymous_3)
FN:92,(anonymous_4)
FN:111,(anonymous_5)
FN:130,(anonymous_6)
FN:167,(anonymous_7)
FN:184,(anonymous_8)
FN:199,(anonymous_9)
FN:216,(anonymous_10)
FNF:11
FNH:8
FNDA:4,(anonymous_0)
FNDA:4,(anonymous_1)
FNDA:0,(anonymous_2)
FNDA:1,(anonymous_3)
FNDA:5,(anonymous_4)
FNDA:3,(anonymous_5)
FNDA:1,(anonymous_6)
FNDA:4,(anonymous_7)
FNDA:0,(anonymous_8)
FNDA:1,(anonymous_9)
FNDA:0,(anonymous_10)
DA:1,4
DA:2,4
DA:7,4
DA:15,4
DA:16,1
DA:18,3
DA:32,4
DA:33,4
DA:34,2
DA:40,2
DA:47,4
DA:53,0
DA:54,0
DA:56,0
DA:76,1
DA:77,1
DA:78,0
DA:84,1
DA:91,4
DA:93,5
DA:96,5
DA:97,5
DA:98,0
DA:103,5
DA:110,4
DA:112,3
DA:115,3
DA:116,3
DA:117,0
DA:122,3
DA:129,4
DA:131,1
DA:134,1
DA:135,1
DA:136,0
DA:141,1
DA:148,4
DA:168,4
DA:169,4
DA:170,0
DA:176,4
DA:183,4
DA:185,0
DA:192,4
DA:200,1
DA:201,1
DA:202,0
DA:208,1
DA:215,4
DA:217,0
DA:220,0
DA:221,0
DA:222,0
DA:227,0
LF:54
LH:39
BRDA:15,0,0,1
BRDA:15,0,1,3
BRDA:33,1,0,2
BRDA:33,1,1,2
BRDA:53,2,0,0
BRDA:53,2,1,0
BRDA:77,3,0,0
BRDA:77,3,1,1
BRDA:97,4,0,0
BRDA:97,4,1,5
BRDA:116,5,0,0
BRDA:116,5,1,3
BRDA:135,6,0,0
BRDA:135,6,1,1
BRDA:169,7,0,0
BRDA:169,7,1,4
BRDA:201,8,0,0
BRDA:201,8,1,1
BRDA:221,9,0,0
BRDA:221,9,1,0
BRF:20
BRH:10
end_of_record
TN:
SF:src\middlewares\validators\evenementValidator.js
FN:22,(anonymous_0)
FN:56,(anonymous_1)
FN:73,(anonymous_2)
FN:102,(anonymous_3)
FNF:4
FNH:4
FNDA:2,(anonymous_0)
FNDA:3,(anonymous_1)
FNDA:6,(anonymous_2)
FNDA:3,(anonymous_3)
DA:1,4
DA:6,4
DA:23,2
DA:24,2
DA:25,1
DA:31,1
DA:38,4
DA:57,3
DA:58,3
DA:59,1
DA:65,2
DA:72,4
DA:74,6
DA:77,6
DA:78,6
DA:79,0
DA:84,6
DA:91,4
DA:103,3
DA:104,3
DA:105,0
DA:111,3
LF:22
LH:20
BRDA:24,0,0,1
BRDA:24,0,1,1
BRDA:58,1,0,1
BRDA:58,1,1,2
BRDA:78,2,0,0
BRDA:78,2,1,6
BRDA:104,3,0,0
BRDA:104,3,1,3
BRF:8
BRH:6
end_of_record
TN:
SF:src\middlewares\validators\membreValidator.js
FN:8,(anonymous_0)
FN:15,(anonymous_1)
FNF:2
FNH:2
FNDA:7,(anonymous_0)
FNDA:7,(anonymous_1)
DA:3,4
DA:8,4
DA:9,7
DA:11,7
DA:12,1
DA:15,7
DA:22,6
DA:28,4
DA:85,4
DA:123,4
DA:136,4
DA:149,4
DA:155,4
LF:13
LH:13
BRDA:11,0,0,1
BRDA:11,0,1,6
BRF:2
BRH:2
end_of_record
TN:
SF:src\routes\authRoutes.js
FNF:0
FNH:0
DA:3,4
DA:4,4
DA:5,4
DA:6,4
DA:14,4
DA:21,4
DA:28,4
DA:35,4
DA:42,4
DA:53,4
DA:64,4
DA:75,4
DA:82,4
DA:94,4
DA:96,4
LF:15
LH:15
BRF:0
BRH:0
end_of_record
TN:
SF:src\routes\cotisationRoutes.js
FNF:0
FNH:0
DA:1,4
DA:2,4
DA:4,4
DA:5,4
DA:6,4
DA:17,4
DA:28,4
DA:41,4
DA:54,4
DA:65,4
DA:72,4
DA:84,4
DA:97,4
DA:110,4
DA:126,4
DA:138,4
DA:150,4
DA:162,4
DA:174,4
DA:187,4
DA:195,4
LF:21
LH:21
BRF:0
BRH:0
end_of_record
TN:
SF:src\routes\evenementRoutes.js
FNF:0
FNH:0
DA:1,4
DA:2,4
DA:4,4
DA:5,4
DA:6,4
DA:12,4
DA:23,4
DA:36,4
DA:52,4
DA:64,4
DA:77,4
DA:85,4
LF:12
LH:12
BRF:0
BRH:0
end_of_record
TN:
SF:src\routes\index.js
FN:20,(anonymous_0)
FNF:1
FNH:0
FNDA:0,(anonymous_0)
DA:1,4
DA:2,4
DA:5,4
DA:6,4
DA:7,4
DA:8,4
DA:14,4
DA:15,4
DA:16,4
DA:17,4
DA:20,4
DA:21,0
DA:34,4
LF:13
LH:12
BRF:0
BRH:0
end_of_record
TN:
SF:src\routes\membreRoutes.js
FNF:0
FNH:0
DA:3,4
DA:4,4
DA:5,4
DA:6,4
DA:7,4
DA:13,4
DA:23,4
DA:36,4
DA:48,4
DA:60,4
DA:72,4
DA:81,4
DA:96,4
DA:107,4
DA:118,4
DA:131,4
DA:144,4
DA:151,4
DA:163,4
DA:170,4
LF:20
LH:20
BRF:0
BRH:0
end_of_record
TN:
SF:src\services\authService.js
FN:30,(anonymous_0)
FN:86,(anonymous_1)
FN:134,(anonymous_2)
FN:184,(anonymous_3)
FN:239,(anonymous_4)
FN:271,(anonymous_5)
FN:302,(anonymous_6)
FNF:7
FNH:6
FNDA:2,(anonymous_0)
FNDA:11,(anonymous_1)
FNDA:2,(anonymous_2)
FNDA:0,(anonymous_3)
FNDA:2,(anonymous_4)
FNDA:1,(anonymous_5)
FNDA:2,(anonymous_6)
DA:3,4
DA:4,4
DA:9,4
DA:14,4
DA:15,4
DA:16,4
DA:18,4
DA:31,2
DA:34,2
DA:38,2
DA:39,1
DA:43,1
DA:44,1
DA:47,1
DA:60,1
DA:67,1
DA:68,1
DA:70,0
DA:74,1
DA:88,11
DA:92,11
DA:93,1
DA:97,10
DA:99,10
DA:100,2
DA:104,8
DA:105,0
DA:112,8
DA:118,8
DA:122,8
DA:135,2
DA:140,2
DA:141,1
DA:148,1
DA:149,1
DA:154,1
DA:156,1
DA:165,1
DA:166,1
DA:168,0
DA:169,0
DA:172,1
DA:186,0
DA:194,0
DA:195,0
DA:196,0
DA:197,0
DA:198,0
DA:199,0
DA:203,0
DA:204,0
DA:208,0
DA:209,0
DA:212,0
DA:222,0
DA:223,0
DA:225,0
DA:228,0
DA:240,2
DA:241,2
DA:243,1
DA:247,1
DA:248,0
DA:251,1
DA:257,1
DA:262,1
DA:272,1
DA:289,1
DA:290,0
DA:293,1
DA:303,2
DA:307,2
DA:308,0
DA:312,2
DA:316,2
DA:317,1
DA:321,1
DA:322,1
DA:324,1
DA:329,1
DA:333,4
LF:81
LH:58
BRDA:38,0,0,1
BRDA:38,0,1,1
BRDA:43,1,0,1
BRDA:43,1,1,0
BRDA:92,2,0,1
BRDA:92,2,1,10
BRDA:99,3,0,2
BRDA:99,3,1,8
BRDA:104,4,0,0
BRDA:104,4,1,8
BRDA:140,5,0,1
BRDA:140,5,1,1
BRDA:197,6,0,0
BRDA:197,6,1,0
BRDA:203,7,0,0
BRDA:203,7,1,0
BRDA:208,8,0,0
BRDA:208,8,1,0
BRDA:247,9,0,0
BRDA:247,9,1,1
BRDA:247,10,0,1
BRDA:247,10,1,1
BRDA:289,11,0,0
BRDA:289,11,1,1
BRDA:307,12,0,0
BRDA:307,12,1,2
BRDA:316,13,0,1
BRDA:316,13,1,1
BRDA:321,14,0,1
BRDA:321,14,1,0
BRF:30
BRH:18
end_of_record
TN:
SF:src\services\emailService.js
FN:13,(anonymous_0)
FN:22,(anonymous_1)
FN:25,(anonymous_2)
FN:42,(anonymous_3)
FN:73,(anonymous_4)
FN:94,(anonymous_5)
FN:114,(anonymous_6)
FNF:7
FNH:6
FNDA:4,(anonymous_0)
FNDA:4,(anonymous_1)
FNDA:12,(anonymous_2)
FNDA:2,(anonymous_3)
FNDA:1,(anonymous_4)
FNDA:1,(anonymous_5)
FNDA:0,(anonymous_6)
DA:3,4
DA:4,4
DA:5,4
DA:6,4
DA:7,4
DA:14,4
DA:15,4
DA:16,4
DA:23,4
DA:25,4
DA:26,12
DA:27,12
DA:28,12
DA:29,12
DA:33,4
DA:43,2
DA:46,2
DA:47,2
DA:50,0
DA:53,2
DA:60,2
DA:61,2
DA:62,2
DA:64,0
DA:65,0
DA:74,1
DA:95,1
DA:97,1
DA:115,0
DA:129,4
LF:30
LH:26
BRDA:27,0,0,12
BRDA:27,0,1,0
BRDA:46,1,0,2
BRDA:46,1,1,0
BRDA:50,2,0,0
BRDA:50,2,1,0
BRDA:122,3,0,0
BRDA:122,3,1,0
BRF:8
BRH:2
end_of_record
TN:
SF:src\services\membreService.js
FN:19,(anonymous_0)
FN:99,(anonymous_1)
FN:150,(anonymous_2)
FN:197,(anonymous_3)
FN:258,(anonymous_4)
FN:284,(anonymous_5)
FN:343,(anonymous_6)
FN:358,(anonymous_7)
FNF:8
FNH:8
FNDA:4,(anonymous_0)
FNDA:4,(anonymous_1)
FNDA:2,(anonymous_2)
FNDA:2,(anonymous_3)
FNDA:1,(anonymous_4)
FNDA:1,(anonymous_5)
FNDA:3,(anonymous_6)
FNDA:1,(anonymous_7)
DA:1,4
DA:2,4
DA:3,4
DA:4,4
DA:5,4
DA:6,4
DA:8,4
DA:28,4
DA:30,4
DA:31,4
DA:34,4
DA:37,4
DA:38,1
DA:46,4
DA:47,1
DA:51,4
DA:52,0
DA:56,4
DA:83,4
DA:100,4
DA:130,4
DA:131,1
DA:140,3
DA:142,3
DA:151,2
DA:154,2
DA:158,2
DA:159,1
DA:163,1
DA:166,1
DA:188,1
DA:198,2
DA:201,2
DA:205,2
DA:206,0
DA:210,2
DA:213,2
DA:214,0
DA:218,0
DA:219,0
DA:225,0
DA:229,2
DA:230,0
DA:234,2
DA:250,2
DA:260,1
DA:264,1
DA:265,0
DA:269,1
DA:273,1
DA:286,1
DA:288,1
DA:289,0
DA:292,1
DA:293,0
DA:296,1
DA:297,0
DA:304,1
DA:320,1
DA:321,1
DA:324,1
DA:326,1
DA:343,3
DA:349,1
DA:351,1
DA:365,1
DA:390,1
DA:405,4
LF:68
LH:57
BRDA:19,0,0,0
BRDA:21,1,0,0
BRDA:22,2,0,0
BRDA:23,3,0,0
BRDA:24,4,0,0
BRDA:25,5,0,0
BRDA:26,6,0,0
BRDA:27,7,0,0
BRDA:37,8,0,1
BRDA:37,8,1,3
BRDA:46,9,0,1
BRDA:46,9,1,3
BRDA:51,10,0,0
BRDA:51,10,1,4
BRDA:130,11,0,1
BRDA:130,11,1,3
BRDA:158,12,0,1
BRDA:158,12,1,1
BRDA:171,13,0,1
BRDA:171,13,1,0
BRDA:173,14,0,1
BRDA:173,14,1,0
BRDA:174,15,0,1
BRDA:174,15,1,0
BRDA:205,16,0,0
BRDA:205,16,1,2
BRDA:213,17,0,0
BRDA:213,17,1,2
BRDA:213,18,0,2
BRDA:213,18,1,0
BRDA:218,19,0,0
BRDA:218,19,1,0
BRDA:229,20,0,0
BRDA:229,20,1,2
BRDA:264,21,0,0
BRDA:264,21,1,1
BRDA:284,22,0,1
BRDA:288,23,0,0
BRDA:288,23,1,1
BRDA:292,24,0,0
BRDA:292,24,1,1
BRDA:296,25,0,0
BRDA:296,25,1,1
BRDA:345,26,0,3
BRDA:345,26,1,1
BRF:45
BRH:23
end_of_record
TN:
SF:src\utils\constants.js
FNF:0
FNH:0
DA:6,4
LF:1
LH:1
BRF:0
BRH:0
end_of_record
TN:
SF:src\utils\helpers.js
FN:10,(anonymous_0)
FN:19,(anonymous_1)
FN:32,(anonymous_2)
FN:44,(anonymous_3)
FN:56,(anonymous_4)
FN:61,(anonymous_5)
FN:70,(anonymous_6)
FNF:7
FNH:5
FNDA:1,(anonymous_0)
FNDA:1,(anonymous_1)
FNDA:0,(anonymous_2)
FNDA:15,(anonymous_3)
FNDA:11,(anonymous_4)
FNDA:33,(anonymous_5)
FNDA:0,(anonymous_6)
DA:3,4
DA:10,4
DA:11,1
DA:19,4
DA:20,1
DA:32,4
DA:33,0
DA:34,0
DA:35,0
DA:44,4
DA:45,15
DA:46,15
DA:47,15
DA:56,4
DA:60,11
DA:61,33
DA:62,11
DA:70,4
DA:71,0
DA:72,0
DA:73,0
DA:76,4
LF:22
LH:16
BRDA:10,0,0,0
BRDA:44,1,0,0
BRDA:58,2,0,11
BRDA:70,3,0,0
BRF:4
BRH:1
end_of_record
